2017-05-17 19:09:16.714763: 6 Layer, HeNorm, Without regularization
2017-05-17 19:09:16.714829: Training1...
Testing before starting...
2017-05-17 19:09:16.714863: Learning rates LR: 0.100000 
2017-05-17 19:09:19.658218: TEST valid epoch: -1 Accuracy: 10.5569%, loss: 2.320679462873, i: 39
2017-05-17 19:09:52.119734: Iter: 200 [0], loss: 1.882228, acc: 0.27%, avg_loss: 1.941438, avg_acc: 24.63%
2017-05-17 19:10:16.784661: 
Epoch 0: avg_Loss: 1.848115696566, avg_Acc: 29.441964285714
2017-05-17 19:10:19.786935: TEST valid epoch: 1 Accuracy: 42.5881%, loss: 1.511589307051, i: 39
2017-05-17 19:10:28.155990: Iter: 400 [1], loss: 1.352930, acc: 0.49%, avg_loss: 1.595406, avg_acc: 40.75%
2017-05-17 19:11:00.983946: Iter: 600 [1], loss: 1.346513, acc: 0.46%, avg_loss: 1.502681, avg_acc: 44.11%
2017-05-17 19:11:17.754623: 
Epoch 1: avg_Loss: 1.455402049337, avg_Acc: 46.312500000000
2017-05-17 19:11:20.745989: TEST valid epoch: 2 Accuracy: 54.6274%, loss: 1.242450316747, i: 39
2017-05-17 19:11:37.242629: Iter: 800 [2], loss: 1.110519, acc: 0.57%, avg_loss: 1.266492, avg_acc: 53.98%
2017-05-17 19:12:10.160432: Iter: 1000 [2], loss: 1.174249, acc: 0.55%, avg_loss: 1.225703, avg_acc: 55.74%
2017-05-17 19:12:18.849408: 
Epoch 2: avg_Loss: 1.208562134164, avg_Acc: 56.723214285714
2017-05-17 19:12:21.864400: TEST valid epoch: 3 Accuracy: 64.7035%, loss: 1.002156072702, i: 39
2017-05-17 19:12:46.318603: Iter: 1200 [3], loss: 0.903761, acc: 0.68%, avg_loss: 1.049792, avg_acc: 62.70%
2017-05-17 19:13:19.492010: Iter: 1400 [3], loss: 0.793484, acc: 0.72%, avg_loss: 1.001078, avg_acc: 64.48%
2017-05-17 19:13:20.161569: 
Epoch 3: avg_Loss: 1.002255061695, avg_Acc: 64.738839285714
2017-05-17 19:13:23.195581: TEST valid epoch: 4 Accuracy: 70.0921%, loss: 0.856641492782, i: 39
2017-05-17 19:13:55.994145: Iter: 1600 [4], loss: 0.816958, acc: 0.73%, avg_loss: 0.880684, avg_acc: 68.79%
2017-05-17 19:14:21.747058: 
Epoch 4: avg_Loss: 0.875593046801, avg_Acc: 69.357142857143
2017-05-17 19:14:24.776149: TEST valid epoch: 5 Accuracy: 71.4343%, loss: 0.815238414667, i: 39
2017-05-17 19:14:32.535180: Iter: 1800 [5], loss: 0.788305, acc: 0.73%, avg_loss: 0.810406, avg_acc: 71.06%
2017-05-17 19:15:05.772981: Iter: 2000 [5], loss: 0.847100, acc: 0.68%, avg_loss: 0.776174, avg_acc: 72.90%
2017-05-17 19:15:23.353779: 
Epoch 5: avg_Loss: 0.769658569098, avg_Acc: 73.529017857143
2017-05-17 19:15:26.385032: TEST valid epoch: 6 Accuracy: 77.0633%, loss: 0.655991210387, i: 39
2017-05-17 19:15:42.249374: Iter: 2200 [6], loss: 0.851698, acc: 0.68%, avg_loss: 0.695718, avg_acc: 75.92%
2017-05-17 19:16:15.402295: Iter: 2400 [6], loss: 0.706422, acc: 0.74%, avg_loss: 0.687372, avg_acc: 76.28%
2017-05-17 19:16:24.844514: 
Epoch 6: avg_Loss: 0.686433027727, avg_Acc: 76.562500000000
2017-05-17 19:16:27.876608: TEST valid epoch: 7 Accuracy: 79.5473%, loss: 0.588496971589, i: 39
2017-05-17 19:16:51.939255: Iter: 2600 [7], loss: 0.603158, acc: 0.77%, avg_loss: 0.630742, avg_acc: 78.40%
2017-05-17 19:17:25.184908: Iter: 2800 [7], loss: 0.605150, acc: 0.78%, avg_loss: 0.625278, avg_acc: 78.56%
2017-05-17 19:17:26.512684: 
Epoch 7: avg_Loss: 0.626608216763, avg_Acc: 78.803571428571
2017-05-17 19:17:29.542160: TEST valid epoch: 8 Accuracy: 76.7829%, loss: 0.688471057476, i: 39
2017-05-17 19:18:01.644124: Iter: 3000 [8], loss: 0.684787, acc: 0.80%, avg_loss: 0.583822, avg_acc: 79.98%
2017-05-17 19:18:28.088468: 
Epoch 8: avg_Loss: 0.577017095259, avg_Acc: 80.654017857143
2017-05-17 19:18:31.120727: TEST valid epoch: 9 Accuracy: 80.4688%, loss: 0.562849847170, i: 39
2017-05-17 19:18:38.293590: Iter: 3200 [9], loss: 0.563383, acc: 0.85%, avg_loss: 0.506186, avg_acc: 82.62%
2017-05-17 19:19:11.491163: Iter: 3400 [9], loss: 0.525510, acc: 0.83%, avg_loss: 0.513255, avg_acc: 82.11%
2017-05-17 19:19:29.819273: 
Epoch 9: avg_Loss: 0.518035531299, avg_Acc: 82.232142857143
2017-05-17 19:19:32.851231: TEST valid epoch: 10 Accuracy: 80.8494%, loss: 0.558567672968, i: 39
2017-05-17 19:19:48.133005: Iter: 3600 [10], loss: 0.486450, acc: 0.84%, avg_loss: 0.493639, avg_acc: 83.05%
2017-05-17 19:20:21.333100: Iter: 3800 [10], loss: 0.560842, acc: 0.80%, avg_loss: 0.495521, avg_acc: 83.01%
2017-05-17 19:20:31.469342: 
Epoch 10: avg_Loss: 0.497387159382, avg_Acc: 83.247767857143
2017-05-17 19:20:34.507599: TEST valid epoch: 11 Accuracy: 83.3734%, loss: 0.502025155685, i: 39
2017-05-17 19:20:57.822127: Iter: 4000 [11], loss: 0.538323, acc: 0.81%, avg_loss: 0.448600, avg_acc: 84.44%
2017-05-17 19:21:31.029021: Iter: 4200 [11], loss: 0.505364, acc: 0.82%, avg_loss: 0.461521, avg_acc: 83.99%
2017-05-17 19:21:33.030595: 
Epoch 11: avg_Loss: 0.462872910712, avg_Acc: 84.247767857143
2017-05-17 19:21:36.055601: TEST valid epoch: 12 Accuracy: 80.8694%, loss: 0.557649482519, i: 39
2017-05-17 19:22:07.502111: Iter: 4400 [12], loss: 0.439240, acc: 0.83%, avg_loss: 0.429728, avg_acc: 85.08%
2017-05-17 19:22:34.597252: 
Epoch 12: avg_Loss: 0.430267373238, avg_Acc: 85.296875000000
2017-05-17 19:22:37.627870: TEST valid epoch: 13 Accuracy: 83.3333%, loss: 0.514564288732, i: 39
2017-05-17 19:22:44.043704: Iter: 4600 [13], loss: 0.294436, acc: 0.91%, avg_loss: 0.382998, avg_acc: 86.55%
2017-05-17 19:23:17.248518: Iter: 4800 [13], loss: 0.326251, acc: 0.91%, avg_loss: 0.411430, avg_acc: 85.68%
2017-05-17 19:23:36.156647: 
Epoch 13: avg_Loss: 0.412409711438, avg_Acc: 86.011160714286
2017-05-17 19:23:39.188286: TEST valid epoch: 14 Accuracy: 83.1130%, loss: 0.527188380559, i: 39
2017-05-17 19:23:53.768909: Iter: 5000 [14], loss: 0.415006, acc: 0.85%, avg_loss: 0.393328, avg_acc: 86.06%
2017-05-17 19:24:27.009539: Iter: 5200 [14], loss: 0.377971, acc: 0.85%, avg_loss: 0.381995, avg_acc: 86.75%
2017-05-17 19:24:37.778165: 
Epoch 14: avg_Loss: 0.385679878848, avg_Acc: 86.986607142857
2017-05-17 19:24:40.807852: TEST valid epoch: 15 Accuracy: 83.5737%, loss: 0.492682525745, i: 39
2017-05-17 19:25:03.510597: Iter: 5400 [15], loss: 0.342310, acc: 0.88%, avg_loss: 0.369694, avg_acc: 87.25%
2017-05-17 19:25:36.717325: Iter: 5600 [15], loss: 0.409110, acc: 0.84%, avg_loss: 0.368500, avg_acc: 87.30%
2017-05-17 19:25:39.376675: 
Epoch 15: avg_Loss: 0.369859003978, avg_Acc: 87.524553571429
2017-05-17 19:25:42.423906: TEST valid epoch: 16 Accuracy: 83.1731%, loss: 0.502907257050, i: 39
2017-05-17 19:26:13.488080: Iter: 5800 [16], loss: 0.378809, acc: 0.87%, avg_loss: 0.346751, avg_acc: 88.00%
2017-05-17 19:26:41.185009: 
Epoch 16: avg_Loss: 0.345825574057, avg_Acc: 88.363839285714
2017-05-17 19:26:44.226400: TEST valid epoch: 17 Accuracy: 85.0160%, loss: 0.483320782582, i: 39
2017-05-17 19:26:49.984682: Iter: 6000 [17], loss: 0.372514, acc: 0.88%, avg_loss: 0.296990, avg_acc: 89.82%
2017-05-17 19:27:23.146686: Iter: 6200 [17], loss: 0.222422, acc: 0.94%, avg_loss: 0.321940, avg_acc: 88.76%
2017-05-17 19:27:42.732009: 
Epoch 17: avg_Loss: 0.326957485378, avg_Acc: 88.772321428571
2017-05-17 19:27:45.776265: TEST valid epoch: 18 Accuracy: 84.7155%, loss: 0.488902779726, i: 39
2017-05-17 19:27:59.675443: Iter: 6400 [18], loss: 0.221245, acc: 0.91%, avg_loss: 0.289321, avg_acc: 89.85%
2017-05-17 19:28:32.865164: Iter: 6600 [18], loss: 0.412930, acc: 0.86%, avg_loss: 0.309451, avg_acc: 89.10%
2017-05-17 19:28:44.316136: 
Epoch 18: avg_Loss: 0.312017267942, avg_Acc: 89.287946428571
2017-05-17 19:28:47.338248: TEST valid epoch: 19 Accuracy: 85.6971%, loss: 0.462446296062, i: 39
2017-05-17 19:29:09.377969: Iter: 6800 [19], loss: 0.312936, acc: 0.88%, avg_loss: 0.293893, avg_acc: 89.74%
2017-05-17 19:29:42.619799: Iter: 7000 [19], loss: 0.320430, acc: 0.89%, avg_loss: 0.299019, avg_acc: 89.63%
2017-05-17 19:29:45.951946: 
Epoch 19: avg_Loss: 0.298970209530, avg_Acc: 89.899553571429
2017-05-17 19:29:48.999394: TEST valid epoch: 20 Accuracy: 85.7973%, loss: 0.452088443897, i: 39
2017-05-17 19:29:48.999450: LR CHANGE: 0.010000000000
2017-05-17 19:30:19.197272: Iter: 7200 [20], loss: 0.146509, acc: 0.95%, avg_loss: 0.214800, avg_acc: 92.65%
2017-05-17 19:30:47.495200: 
Epoch 20: avg_Loss: 0.196623303145, avg_Acc: 93.477678571429
2017-05-17 19:30:50.541833: TEST valid epoch: 21 Accuracy: 88.4215%, loss: 0.409452277880, i: 39
2017-05-17 19:30:55.598977: Iter: 7400 [21], loss: 0.165640, acc: 0.92%, avg_loss: 0.175003, avg_acc: 93.99%
2017-05-17 19:31:28.813156: Iter: 7600 [21], loss: 0.125522, acc: 0.96%, avg_loss: 0.153524, avg_acc: 94.63%
2017-05-17 19:31:49.060021: 
Epoch 21: avg_Loss: 0.153835385186, avg_Acc: 94.857142857143
2017-05-17 19:31:52.095413: TEST valid epoch: 22 Accuracy: 88.4014%, loss: 0.415528348623, i: 39
2017-05-17 19:32:05.342003: Iter: 7800 [22], loss: 0.116839, acc: 0.95%, avg_loss: 0.132448, avg_acc: 95.22%
2017-05-17 19:32:38.555417: Iter: 8000 [22], loss: 0.119410, acc: 0.97%, avg_loss: 0.138382, avg_acc: 95.07%
2017-05-17 19:32:50.655677: 
Epoch 22: avg_Loss: 0.139092151374, avg_Acc: 95.363839285714
2017-05-17 19:32:53.672214: TEST valid epoch: 23 Accuracy: 88.3213%, loss: 0.418756130796, i: 39
2017-05-17 19:33:15.101046: Iter: 8200 [23], loss: 0.116554, acc: 0.96%, avg_loss: 0.132316, avg_acc: 95.25%
2017-05-17 19:33:48.328320: Iter: 8400 [23], loss: 0.121243, acc: 0.96%, avg_loss: 0.132485, avg_acc: 95.33%
2017-05-17 19:33:52.309714: 
Epoch 23: avg_Loss: 0.132600915624, avg_Acc: 95.627232142857
2017-05-17 19:33:55.339892: TEST valid epoch: 24 Accuracy: 88.6018%, loss: 0.421651011858, i: 39
2017-05-17 19:34:24.866518: Iter: 8600 [24], loss: 0.146718, acc: 0.95%, avg_loss: 0.120622, avg_acc: 95.86%
2017-05-17 19:34:53.898854: 
Epoch 24: avg_Loss: 0.120487292483, avg_Acc: 96.078125000000
2017-05-17 19:34:56.929000: TEST valid epoch: 25 Accuracy: 88.6218%, loss: 0.442806128508, i: 39
2017-05-17 19:35:01.325837: Iter: 8800 [25], loss: 0.106270, acc: 0.98%, avg_loss: 0.111190, avg_acc: 96.00%
2017-05-17 19:35:34.523350: Iter: 9000 [25], loss: 0.132122, acc: 0.96%, avg_loss: 0.116888, avg_acc: 95.90%
2017-05-17 19:35:55.418494: 
Epoch 25: avg_Loss: 0.117234026625, avg_Acc: 96.142857142857
2017-05-17 19:35:58.454131: TEST valid epoch: 26 Accuracy: 88.5817%, loss: 0.447419063403, i: 39
2017-05-17 19:36:11.009758: Iter: 9200 [26], loss: 0.144167, acc: 0.95%, avg_loss: 0.102940, avg_acc: 96.51%
2017-05-17 19:36:44.141763: Iter: 9400 [26], loss: 0.078159, acc: 0.96%, avg_loss: 0.110040, avg_acc: 96.12%
2017-05-17 19:36:56.910491: 
Epoch 26: avg_Loss: 0.110705535891, avg_Acc: 96.390625000000
2017-05-17 19:36:59.939418: TEST valid epoch: 27 Accuracy: 88.6819%, loss: 0.433603483515, i: 39
2017-05-17 19:37:20.610362: Iter: 9600 [27], loss: 0.074577, acc: 0.97%, avg_loss: 0.102207, avg_acc: 96.37%
2017-05-17 19:37:53.782948: Iter: 9800 [27], loss: 0.077711, acc: 0.97%, avg_loss: 0.104621, avg_acc: 96.33%
2017-05-17 19:37:58.452613: 
Epoch 27: avg_Loss: 0.104928552907, avg_Acc: 96.616071428571
2017-05-17 19:38:01.481192: TEST valid epoch: 28 Accuracy: 88.8021%, loss: 0.441811065643, i: 39
2017-05-17 19:38:30.260226: Iter: 10000 [28], loss: 0.055110, acc: 0.98%, avg_loss: 0.100377, avg_acc: 96.39%
2017-05-17 19:38:59.952734: 
Epoch 28: avg_Loss: 0.100835320109, avg_Acc: 96.745535714286
2017-05-17 19:39:02.982820: TEST valid epoch: 29 Accuracy: 88.7019%, loss: 0.452495406453, i: 39
2017-05-17 19:39:06.738571: Iter: 10200 [29], loss: 0.100865, acc: 0.96%, avg_loss: 0.106175, avg_acc: 96.21%
2017-05-17 19:39:39.888528: Iter: 10400 [29], loss: 0.076022, acc: 0.97%, avg_loss: 0.092895, avg_acc: 96.78%
2017-05-17 19:40:01.403250: 
Epoch 29: avg_Loss: 0.094069208157, avg_Acc: 96.997767857143
2017-05-17 19:40:04.431053: TEST valid epoch: 30 Accuracy: 88.5817%, loss: 0.467874440627, i: 39
2017-05-17 19:40:16.423012: Iter: 10600 [30], loss: 0.073662, acc: 0.97%, avg_loss: 0.088006, avg_acc: 96.89%
2017-05-17 19:40:49.573159: Iter: 10800 [30], loss: 0.080105, acc: 0.96%, avg_loss: 0.088761, avg_acc: 96.74%
2017-05-17 19:41:03.013822: 
Epoch 30: avg_Loss: 0.089397810517, avg_Acc: 97.049107142857
2017-05-17 19:41:06.035429: TEST valid epoch: 31 Accuracy: 88.6619%, loss: 0.482208214127, i: 39
2017-05-17 19:41:26.051771: Iter: 11000 [31], loss: 0.037464, acc: 0.99%, avg_loss: 0.085904, avg_acc: 97.01%
2017-05-17 19:41:59.154729: Iter: 11200 [31], loss: 0.069379, acc: 0.98%, avg_loss: 0.088950, avg_acc: 96.91%
2017-05-17 19:42:04.457392: 
Epoch 31: avg_Loss: 0.088555028279, avg_Acc: 97.198660714286
2017-05-17 19:42:07.497839: TEST valid epoch: 32 Accuracy: 88.8822%, loss: 0.471083640288, i: 39
2017-05-17 19:42:35.646348: Iter: 11400 [32], loss: 0.084022, acc: 0.97%, avg_loss: 0.085856, avg_acc: 96.91%
2017-05-17 19:43:05.989591: 
Epoch 32: avg_Loss: 0.086073849473, avg_Acc: 97.183035714286
2017-05-17 19:43:09.016575: TEST valid epoch: 33 Accuracy: 88.6819%, loss: 0.476901016556, i: 39
2017-05-17 19:43:12.225139: Iter: 11600 [33], loss: 0.069732, acc: 0.97%, avg_loss: 0.077300, avg_acc: 97.29%
2017-05-17 19:43:45.377058: Iter: 11800 [33], loss: 0.187045, acc: 0.95%, avg_loss: 0.077406, avg_acc: 97.28%
2017-05-17 19:44:07.605826: 
Epoch 33: avg_Loss: 0.077319754458, avg_Acc: 97.542410714286
2017-05-17 19:44:10.633853: TEST valid epoch: 34 Accuracy: 89.0625%, loss: 0.494673071763, i: 39
2017-05-17 19:44:21.886132: Iter: 12000 [34], loss: 0.076857, acc: 0.97%, avg_loss: 0.075139, avg_acc: 97.29%
2017-05-17 19:44:55.044380: Iter: 12200 [34], loss: 0.115461, acc: 0.96%, avg_loss: 0.073319, avg_acc: 97.46%
2017-05-17 19:45:09.125295: 
Epoch 34: avg_Loss: 0.073936984438, avg_Acc: 97.734375000000
2017-05-17 19:45:12.153039: TEST valid epoch: 35 Accuracy: 88.9623%, loss: 0.495784993355, i: 39
2017-05-17 19:45:31.491986: Iter: 12400 [35], loss: 0.052951, acc: 0.98%, avg_loss: 0.071837, avg_acc: 97.59%
2017-05-17 19:46:04.607492: Iter: 12600 [35], loss: 0.052517, acc: 0.97%, avg_loss: 0.075103, avg_acc: 97.36%
2017-05-17 19:46:10.553776: 
Epoch 35: avg_Loss: 0.074777862052, avg_Acc: 97.647321428571
2017-05-17 19:46:13.595039: TEST valid epoch: 36 Accuracy: 88.7821%, loss: 0.494940678661, i: 39
2017-05-17 19:46:41.103059: Iter: 12800 [36], loss: 0.072036, acc: 0.99%, avg_loss: 0.069059, avg_acc: 97.54%
2017-05-17 19:47:12.076939: 
Epoch 36: avg_Loss: 0.070349588974, avg_Acc: 97.805803571429
2017-05-17 19:47:15.105419: TEST valid epoch: 37 Accuracy: 89.1426%, loss: 0.498914362528, i: 39
2017-05-17 19:47:17.707768: Iter: 13000 [37], loss: 0.071009, acc: 0.97%, avg_loss: 0.055944, avg_acc: 98.14%
2017-05-17 19:47:50.957126: Iter: 13200 [37], loss: 0.092779, acc: 0.97%, avg_loss: 0.062886, avg_acc: 97.88%
2017-05-17 19:48:13.870820: 
Epoch 37: avg_Loss: 0.063551100325, avg_Acc: 98.040178571429
2017-05-17 19:48:16.918751: TEST valid epoch: 38 Accuracy: 89.2228%, loss: 0.522052045052, i: 39
2017-05-17 19:48:27.478855: Iter: 13400 [38], loss: 0.020062, acc: 0.99%, avg_loss: 0.059420, avg_acc: 97.87%
2017-05-17 19:49:00.742544: Iter: 13600 [38], loss: 0.063735, acc: 0.98%, avg_loss: 0.060886, avg_acc: 97.86%
2017-05-17 19:49:15.489953: 
Epoch 38: avg_Loss: 0.063492090069, avg_Acc: 98.053571428571
2017-05-17 19:49:18.503968: TEST valid epoch: 39 Accuracy: 88.7821%, loss: 0.518883360884, i: 39
2017-05-17 19:49:37.241327: Iter: 13800 [39], loss: 0.050995, acc: 0.99%, avg_loss: 0.058557, avg_acc: 97.93%
2017-05-17 19:50:10.470124: Iter: 14000 [39], loss: 0.067485, acc: 0.99%, avg_loss: 0.060036, avg_acc: 97.88%
2017-05-17 19:50:17.107744: 
Epoch 39: avg_Loss: 0.060200577160, avg_Acc: 98.162946428571
2017-05-17 19:50:20.134295: TEST valid epoch: 40 Accuracy: 89.0425%, loss: 0.529385731006, i: 39
2017-05-17 19:50:20.134341: LR CHANGE: 0.001000000000
2017-05-17 19:50:46.923517: Iter: 14200 [40], loss: 0.037838, acc: 0.98%, avg_loss: 0.051870, avg_acc: 98.30%
2017-05-17 19:51:18.631344: 
Epoch 40: avg_Loss: 0.052846749619, avg_Acc: 98.537946428571
2017-05-17 19:51:21.663032: TEST valid epoch: 41 Accuracy: 89.0425%, loss: 0.528594693312, i: 39
2017-05-17 19:51:23.451002: Iter: 14400 [41], loss: 0.051460, acc: 0.98%, avg_loss: 0.046018, avg_acc: 98.09%
2017-05-17 19:51:56.665362: Iter: 14600 [41], loss: 0.060745, acc: 0.98%, avg_loss: 0.050453, avg_acc: 98.27%
2017-05-17 19:52:20.206393: 
Epoch 41: avg_Loss: 0.050601689130, avg_Acc: 98.582589285714
2017-05-17 19:52:23.247001: TEST valid epoch: 42 Accuracy: 88.9824%, loss: 0.528348879172, i: 39
2017-05-17 19:52:33.211369: Iter: 14800 [42], loss: 0.090737, acc: 0.97%, avg_loss: 0.052746, avg_acc: 98.18%
2017-05-17 19:53:06.361390: Iter: 15000 [42], loss: 0.019479, acc: 0.99%, avg_loss: 0.050432, avg_acc: 98.26%
2017-05-17 19:53:21.775996: 
Epoch 42: avg_Loss: 0.050700953401, avg_Acc: 98.558035714286
2017-05-17 19:53:24.813130: TEST valid epoch: 43 Accuracy: 89.2628%, loss: 0.531277878926, i: 39
2017-05-17 19:53:42.902209: Iter: 15200 [43], loss: 0.022387, acc: 1.00%, avg_loss: 0.048104, avg_acc: 98.42%
2017-05-17 19:54:16.027292: Iter: 15400 [43], loss: 0.047823, acc: 0.98%, avg_loss: 0.048080, avg_acc: 98.43%
2017-05-17 19:54:23.336025: 
Epoch 43: avg_Loss: 0.048745496973, avg_Acc: 98.694196428571
2017-05-17 19:54:26.365682: TEST valid epoch: 44 Accuracy: 89.3029%, loss: 0.533255675664, i: 39
2017-05-17 19:54:52.661517: Iter: 15600 [44], loss: 0.032984, acc: 0.99%, avg_loss: 0.045194, avg_acc: 98.54%
2017-05-17 19:55:24.991867: 
Epoch 44: avg_Loss: 0.045434945778, avg_Acc: 98.754464285714
2017-05-17 19:55:28.029152: TEST valid epoch: 45 Accuracy: 89.0825%, loss: 0.538364522732, i: 39
2017-05-17 19:55:29.147268: Iter: 15800 [45], loss: 0.030869, acc: 0.99%, avg_loss: 0.050753, avg_acc: 98.12%
2017-05-17 19:56:02.363079: Iter: 16000 [45], loss: 0.110047, acc: 0.97%, avg_loss: 0.046006, avg_acc: 98.40%
2017-05-17 19:56:26.539959: 
Epoch 45: avg_Loss: 0.047803093613, avg_Acc: 98.629464285714
2017-05-17 19:56:29.571993: TEST valid epoch: 46 Accuracy: 89.2027%, loss: 0.537679186998, i: 39
2017-05-17 19:56:38.798930: Iter: 16200 [46], loss: 0.038847, acc: 0.99%, avg_loss: 0.048994, avg_acc: 98.29%
2017-05-17 19:57:11.979036: Iter: 16400 [46], loss: 0.062525, acc: 0.97%, avg_loss: 0.045555, avg_acc: 98.46%
2017-05-17 19:57:28.031223: 
Epoch 46: avg_Loss: 0.046589401203, avg_Acc: 98.725446428571
2017-05-17 19:57:31.053243: TEST valid epoch: 47 Accuracy: 89.0825%, loss: 0.538501083087, i: 39
2017-05-17 19:57:48.446101: Iter: 16600 [47], loss: 0.027911, acc: 0.99%, avg_loss: 0.042997, avg_acc: 98.48%
2017-05-17 19:58:21.625535: Iter: 16800 [47], loss: 0.027547, acc: 0.99%, avg_loss: 0.044538, avg_acc: 98.48%
2017-05-17 19:58:29.567651: 
Epoch 47: avg_Loss: 0.045854929082, avg_Acc: 98.720982142857
2017-05-17 19:58:32.587547: TEST valid epoch: 48 Accuracy: 89.1827%, loss: 0.540482926063, i: 39
2017-05-17 19:58:58.119592: Iter: 17000 [48], loss: 0.035545, acc: 0.99%, avg_loss: 0.046367, avg_acc: 98.46%
2017-05-17 19:59:31.139355: 
Epoch 48: avg_Loss: 0.045736070190, avg_Acc: 98.747767857143
2017-05-17 19:59:34.170132: TEST valid epoch: 49 Accuracy: 89.0825%, loss: 0.539359090420, i: 39
2017-05-17 19:59:34.585076: Iter: 17200 [49], loss: 0.036613, acc: 0.99%, avg_loss: 0.036613, avg_acc: 99.22%
2017-05-17 20:00:07.743024: Iter: 17400 [49], loss: 0.035412, acc: 0.98%, avg_loss: 0.044589, avg_acc: 98.50%
2017-05-17 20:00:32.622911: 
Epoch 49: avg_Loss: 0.045729389619, avg_Acc: 98.752232142857
2017-05-17 20:00:35.662088: TEST valid epoch: 50 Accuracy: 89.0825%, loss: 0.542800824230, i: 39
2017-05-17 20:00:44.249391: Iter: 17600 [50], loss: 0.037189, acc: 0.98%, avg_loss: 0.041111, avg_acc: 98.52%
2017-05-17 20:01:17.504281: Iter: 17800 [50], loss: 0.041170, acc: 0.99%, avg_loss: 0.044802, avg_acc: 98.37%
2017-05-17 20:01:34.244807: 
Epoch 50: avg_Loss: 0.046423514634, avg_Acc: 98.667410714286
2017-05-17 20:01:37.284244: TEST valid epoch: 51 Accuracy: 89.2027%, loss: 0.543517079873, i: 39
2017-05-17 20:01:54.105621: Iter: 18000 [51], loss: 0.070450, acc: 0.97%, avg_loss: 0.047091, avg_acc: 98.34%
2017-05-17 20:02:27.340730: Iter: 18200 [51], loss: 0.014465, acc: 1.00%, avg_loss: 0.046881, avg_acc: 98.35%
2017-05-17 20:02:35.941945: 
Epoch 51: avg_Loss: 0.045801156514, avg_Acc: 98.671875000000
2017-05-17 20:02:38.971881: TEST valid epoch: 52 Accuracy: 89.0425%, loss: 0.548511147499, i: 39
2017-05-17 20:03:03.800069: Iter: 18400 [52], loss: 0.084760, acc: 0.98%, avg_loss: 0.042479, avg_acc: 98.62%
2017-05-17 20:03:36.943788: Iter: 18600 [52], loss: 0.063949, acc: 0.96%, avg_loss: 0.044064, avg_acc: 98.54%
2017-05-17 20:03:37.438694: 
Epoch 52: avg_Loss: 0.044139558737, avg_Acc: 98.819196428571
2017-05-17 20:03:40.474107: TEST valid epoch: 53 Accuracy: 89.1226%, loss: 0.548511178830, i: 39
2017-05-17 20:04:13.408748: Iter: 18800 [53], loss: 0.035027, acc: 0.99%, avg_loss: 0.042584, avg_acc: 98.55%
2017-05-17 20:04:38.941690: 
Epoch 53: avg_Loss: 0.043466611759, avg_Acc: 98.832589285714
2017-05-17 20:04:41.984390: TEST valid epoch: 54 Accuracy: 89.1226%, loss: 0.549625583184, i: 39
2017-05-17 20:04:49.897252: Iter: 19000 [54], loss: 0.051997, acc: 0.98%, avg_loss: 0.042573, avg_acc: 98.62%
2017-05-17 20:05:23.071389: Iter: 19200 [54], loss: 0.013696, acc: 0.99%, avg_loss: 0.044094, avg_acc: 98.50%
2017-05-17 20:05:40.506665: 
Epoch 54: avg_Loss: 0.044038812104, avg_Acc: 98.781250000000
2017-05-17 20:05:43.545412: TEST valid epoch: 55 Accuracy: 89.1426%, loss: 0.552917804473, i: 39
2017-05-17 20:05:59.569884: Iter: 19400 [55], loss: 0.016406, acc: 0.99%, avg_loss: 0.044440, avg_acc: 98.45%
2017-05-17 20:06:32.741080: Iter: 19600 [55], loss: 0.008298, acc: 1.00%, avg_loss: 0.043156, avg_acc: 98.45%
2017-05-17 20:06:42.010804: 
Epoch 55: avg_Loss: 0.043503328107, avg_Acc: 98.729910714286
2017-05-17 20:06:45.052829: TEST valid epoch: 56 Accuracy: 89.1827%, loss: 0.554830950040, i: 39
2017-05-17 20:07:09.161970: Iter: 19800 [56], loss: 0.049534, acc: 0.98%, avg_loss: 0.045232, avg_acc: 98.52%
2017-05-17 20:07:42.299690: Iter: 20000 [56], loss: 0.065182, acc: 0.97%, avg_loss: 0.044623, avg_acc: 98.52%
2017-05-17 20:07:43.461510: 
Epoch 56: avg_Loss: 0.044754823083, avg_Acc: 98.808035714286
2017-05-17 20:07:46.499487: TEST valid epoch: 57 Accuracy: 89.3630%, loss: 0.553958143179, i: 39
2017-05-17 20:08:18.789955: Iter: 20200 [57], loss: 0.087168, acc: 0.97%, avg_loss: 0.042466, avg_acc: 98.49%
2017-05-17 20:08:44.992875: 
Epoch 57: avg_Loss: 0.044146872503, avg_Acc: 98.732142857143
2017-05-17 20:08:48.040518: TEST valid epoch: 58 Accuracy: 89.0625%, loss: 0.557075366378, i: 39
2017-05-17 20:08:55.453464: Iter: 20400 [58], loss: 0.023914, acc: 0.99%, avg_loss: 0.043663, avg_acc: 98.53%
2017-05-17 20:09:28.615704: Iter: 20600 [58], loss: 0.053263, acc: 0.98%, avg_loss: 0.042292, avg_acc: 98.56%
2017-05-17 20:09:46.673282: 
Epoch 58: avg_Loss: 0.042322819898, avg_Acc: 98.834821428571
2017-05-17 20:09:49.701000: TEST valid epoch: 59 Accuracy: 89.1827%, loss: 0.557651360066, i: 39
2017-05-17 20:10:05.025877: Iter: 20800 [59], loss: 0.061075, acc: 0.98%, avg_loss: 0.040640, avg_acc: 98.69%
2017-05-17 20:10:38.131260: Iter: 21000 [59], loss: 0.013892, acc: 1.00%, avg_loss: 0.039505, avg_acc: 98.65%
2017-05-17 20:10:48.065620: 
Epoch 59: avg_Loss: 0.040041529683, avg_Acc: 98.921875000000
2017-05-17 20:10:51.095486: TEST valid epoch: 60 Accuracy: 89.3630%, loss: 0.561439154240, i: 39
2017-05-17 20:10:51.095557: LR CHANGE: 0.000100000000
2017-05-17 20:10:51.391035: 
Testing at last epoch...
2017-05-17 20:10:57.416387: epoch: 60 Accuracy: 88.2111%, loss: 0.644450207742, i: 78
2017-05-17 20:10:57.416442: Exiting train...
